2017-06-27 11:18:15 [scrapy.utils.log] INFO: Scrapy 1.3.3 started (bot: FagaiweiSpider)
2017-06-27 11:18:15 [scrapy.utils.log] INFO: Overridden settings: {'NEWSPIDER_MODULE': 'FagaiweiSpider.spiders', 'LOG_LEVEL': 'INFO', 'SPIDER_MODULES': ['FagaiweiSpider.spiders'], 'BOT_NAME': 'FagaiweiSpider', 'COOKIES_ENABLED': False, 'LOG_FILE': 'logs\\\\2017-06-27hy.log', 'DOWNLOAD_DELAY': 1.5}
2017-06-27 11:18:16 [scrapy.middleware] INFO: Enabled extensions:
['scrapy.extensions.logstats.LogStats',
 'scrapy.extensions.telnet.TelnetConsole',
 'scrapy.extensions.corestats.CoreStats']
2017-06-27 11:18:18 [scrapy.middleware] INFO: Enabled downloader middlewares:
['scrapy.downloadermiddlewares.httpauth.HttpAuthMiddleware',
 'scrapy.downloadermiddlewares.downloadtimeout.DownloadTimeoutMiddleware',
 'scrapy.downloadermiddlewares.defaultheaders.DefaultHeadersMiddleware',
 'scrapy.downloadermiddlewares.useragent.UserAgentMiddleware',
 'FagaiweiSpider.middlewares.IngoreRequestMiddleware',
 'FagaiweiSpider.middlewares.UserAgent',
 'scrapy.downloadermiddlewares.retry.RetryMiddleware',
 'scrapy.downloadermiddlewares.redirect.MetaRefreshMiddleware',
 'scrapy.downloadermiddlewares.httpcompression.HttpCompressionMiddleware',
 'scrapy.downloadermiddlewares.redirect.RedirectMiddleware',
 'scrapy.downloadermiddlewares.stats.DownloaderStats']
2017-06-27 11:18:18 [scrapy.middleware] INFO: Enabled spider middlewares:
['scrapy.spidermiddlewares.httperror.HttpErrorMiddleware',
 'scrapy.spidermiddlewares.offsite.OffsiteMiddleware',
 'scrapy.spidermiddlewares.referer.RefererMiddleware',
 'scrapy.spidermiddlewares.urllength.UrlLengthMiddleware',
 'scrapy.spidermiddlewares.depth.DepthMiddleware']
2017-06-27 11:18:18 [scrapy.middleware] INFO: Enabled item pipelines:
['FagaiweiSpider.pipelines.InsertRideis',
 'FagaiweiSpider.pipelines.InsertPDFpath',
 'FagaiweiSpider.pipelines.FagaiweispiderPipeline']
2017-06-27 11:18:18 [scrapy.core.engine] INFO: Spider opened
2017-06-27 11:18:18 [scrapy.extensions.logstats] INFO: Crawled 0 pages (at 0 pages/min), scraped 0 items (at 0 items/min)
2017-06-27 11:19:58 [scrapy.extensions.logstats] INFO: Crawled 5 pages (at 5 pages/min), scraped 4 items (at 4 items/min)
2017-06-27 11:20:42 [scrapy.extensions.logstats] INFO: Crawled 7 pages (at 2 pages/min), scraped 6 items (at 2 items/min)
2017-06-27 11:21:21 [scrapy.extensions.logstats] INFO: Crawled 9 pages (at 2 pages/min), scraped 8 items (at 2 items/min)
